<?xml version="1.0" encoding="UTF-8"?>
<coverage generated="1676366832757" clover="3.2.0">
  <project timestamp="1676366832757" name="All files">
    <metrics statements="8" coveredstatements="8" conditionals="7" coveredconditionals="7" methods="2" coveredmethods="2" elements="17" coveredelements="17" complexity="0" loc="8" ncloc="8" packages="1" files="1" classes="1"/>
    <file name="loadingReducer.js" path="/Users/yagneshmodh/Documents/Projects/collabera_react_training/src/reducers/loadingReducer.js">
      <metrics statements="8" coveredstatements="8" conditionals="7" coveredconditionals="7" methods="2" coveredmethods="2"/>
      <line num="1" count="1" type="stmt"/>
      <line num="4" count="3" type="stmt"/>
      <line num="6" count="3" type="cond" truecount="2" falsecount="0"/>
      <line num="8" count="2" type="stmt"/>
      <line num="9" count="2" type="cond" truecount="2" falsecount="0"/>
      <line num="10" count="1" type="stmt"/>
      <line num="19" count="1" type="stmt"/>
      <line num="20" count="1" type="cond" truecount="2" falsecount="0"/>
    </file>
  </project>
</coverage>
