{"/Users/yagneshmodh/Documents/Projects/collabera_react_training/src/components/Product/product.jsx": {"path":"/Users/yagneshmodh/Documents/Projects/collabera_react_training/src/components/Product/product.jsx","statementMap":{"0":{"start":{"line":14,"column":2},"end":{"line":97,"column":4}},"1":{"start":{"line":50,"column":18},"end":{"line":53,"column":20}},"2":{"start":{"line":66,"column":18},"end":{"line":73,"column":19}},"3":{"start":{"line":67,"column":20},"end":{"line":67,"column":45}},"4":{"start":{"line":69,"column":20},"end":{"line":72,"column":23}},"5":{"start":{"line":85,"column":16},"end":{"line":88,"column":18}},"6":{"start":{"line":100,"column":0},"end":{"line":120,"column":2}},"7":{"start":{"line":122,"column":0},"end":{"line":124,"column":2}}},"fnMap":{"0":{"name":"Product","decl":{"start":{"line":6,"column":9},"end":{"line":6,"column":16}},"loc":{"start":{"line":13,"column":3},"end":{"line":98,"column":1}},"line":13},"1":{"name":"(anonymous_1)","decl":{"start":{"line":49,"column":25},"end":{"line":49,"column":26}},"loc":{"start":{"line":50,"column":18},"end":{"line":53,"column":20}},"line":50},"2":{"name":"(anonymous_2)","decl":{"start":{"line":65,"column":25},"end":{"line":65,"column":26}},"loc":{"start":{"line":65,"column":31},"end":{"line":74,"column":17}},"line":65},"3":{"name":"(anonymous_3)","decl":{"start":{"line":84,"column":23},"end":{"line":84,"column":24}},"loc":{"start":{"line":85,"column":16},"end":{"line":88,"column":18}},"line":85}},"branchMap":{"0":{"loc":{"start":{"line":43,"column":11},"end":{"line":93,"column":11}},"type":"cond-expr","locations":[{"start":{"line":44,"column":12},"end":{"line":78,"column":18}},{"start":{"line":80,"column":12},"end":{"line":92,"column":21}}],"line":43},"1":{"loc":{"start":{"line":66,"column":18},"end":{"line":73,"column":19}},"type":"if","locations":[{"start":{"line":66,"column":18},"end":{"line":73,"column":19}},{"start":{"line":68,"column":25},"end":{"line":73,"column":19}}],"line":66}},"s":{"0":9,"1":0,"2":0,"3":0,"4":0,"5":1,"6":1,"7":1},"f":{"0":9,"1":0,"2":0,"3":1},"b":{"0":[2,7],"1":[0,0]},"_coverageSchema":"1a1c01bbd47fc00a2c39e90264f33305004495a9","hash":"23668d0ff284dd68f1f285778f29736682ee4cde"}
,"/Users/yagneshmodh/Documents/Projects/collabera_react_training/src/components/Reviews/index.jsx": {"path":"/Users/yagneshmodh/Documents/Projects/collabera_react_training/src/components/Reviews/index.jsx","statementMap":{"0":{"start":{"line":7,"column":2},"end":{"line":31,"column":4}},"1":{"start":{"line":13,"column":12},"end":{"line":19,"column":14}},"2":{"start":{"line":34,"column":0},"end":{"line":37,"column":2}}},"fnMap":{"0":{"name":"Reviews","decl":{"start":{"line":6,"column":9},"end":{"line":6,"column":16}},"loc":{"start":{"line":6,"column":34},"end":{"line":32,"column":1}},"line":6},"1":{"name":"(anonymous_1)","decl":{"start":{"line":12,"column":31},"end":{"line":12,"column":32}},"loc":{"start":{"line":13,"column":12},"end":{"line":19,"column":14}},"line":13}},"branchMap":{},"s":{"0":9,"1":45,"2":1},"f":{"0":9,"1":45},"b":{},"_coverageSchema":"1a1c01bbd47fc00a2c39e90264f33305004495a9","hash":"9eb62e3734ddd0fdc8084a20853bf70e2b811ab9"}
,"/Users/yagneshmodh/Documents/Projects/collabera_react_training/src/reducers/cartReducer.js": {"path":"/Users/yagneshmodh/Documents/Projects/collabera_react_training/src/reducers/cartReducer.js","statementMap":{"0":{"start":{"line":1,"column":32},"end":{"line":1,"column":34}},"1":{"start":{"line":3,"column":28},"end":{"line":24,"column":1}},"2":{"start":{"line":4,"column":2},"end":{"line":23,"column":3}},"3":{"start":{"line":6,"column":6},"end":{"line":6,"column":21}},"4":{"start":{"line":9,"column":6},"end":{"line":9,"column":33}},"5":{"start":{"line":12,"column":20},"end":{"line":12,"column":61}},"6":{"start":{"line":12,"column":41},"end":{"line":12,"column":60}},"7":{"start":{"line":13,"column":6},"end":{"line":13,"column":76}},"8":{"start":{"line":17,"column":20},"end":{"line":17,"column":61}},"9":{"start":{"line":17,"column":41},"end":{"line":17,"column":60}},"10":{"start":{"line":18,"column":6},"end":{"line":18,"column":67}},"11":{"start":{"line":22,"column":6},"end":{"line":22,"column":19}}},"fnMap":{"0":{"name":"(anonymous_0)","decl":{"start":{"line":3,"column":28},"end":{"line":3,"column":29}},"loc":{"start":{"line":3,"column":77},"end":{"line":24,"column":1}},"line":3},"1":{"name":"(anonymous_1)","decl":{"start":{"line":12,"column":36},"end":{"line":12,"column":37}},"loc":{"start":{"line":12,"column":41},"end":{"line":12,"column":60}},"line":12},"2":{"name":"(anonymous_2)","decl":{"start":{"line":17,"column":36},"end":{"line":17,"column":37}},"loc":{"start":{"line":17,"column":41},"end":{"line":17,"column":60}},"line":17}},"branchMap":{"0":{"loc":{"start":{"line":3,"column":29},"end":{"line":3,"column":53}},"type":"default-arg","locations":[{"start":{"line":3,"column":37},"end":{"line":3,"column":53}}],"line":3},"1":{"loc":{"start":{"line":4,"column":2},"end":{"line":23,"column":3}},"type":"switch","locations":[{"start":{"line":5,"column":4},"end":{"line":6,"column":21}},{"start":{"line":8,"column":4},"end":{"line":9,"column":33}},{"start":{"line":11,"column":4},"end":{"line":14,"column":5}},{"start":{"line":16,"column":4},"end":{"line":19,"column":5}},{"start":{"line":21,"column":4},"end":{"line":22,"column":19}}],"line":4}},"s":{"0":1,"1":1,"2":5,"3":1,"4":1,"5":1,"6":2,"7":1,"8":1,"9":2,"10":1,"11":1},"f":{"0":5,"1":2,"2":2},"b":{"0":[1],"1":[1,1,1,1,1]},"_coverageSchema":"1a1c01bbd47fc00a2c39e90264f33305004495a9","hash":"efb8efc0bbd313676fc509af7bf828e50d08febc"}
,"/Users/yagneshmodh/Documents/Projects/collabera_react_training/src/reducers/loadingReducer.js": {"path":"/Users/yagneshmodh/Documents/Projects/collabera_react_training/src/reducers/loadingReducer.js","statementMap":{"0":{"start":{"line":1,"column":35},"end":{"line":1,"column":37}},"1":{"start":{"line":4,"column":16},"end":{"line":4,"column":56}},"2":{"start":{"line":6,"column":2},"end":{"line":6,"column":27}},"3":{"start":{"line":6,"column":14},"end":{"line":6,"column":27}},"4":{"start":{"line":8,"column":37},"end":{"line":8,"column":42}},"5":{"start":{"line":9,"column":2},"end":{"line":17,"column":3}},"6":{"start":{"line":10,"column":4},"end":{"line":16,"column":6}},"7":{"start":{"line":19,"column":2},"end":{"line":21,"column":4}},"8":{"start":{"line":20,"column":9},"end":{"line":20,"column":69}}},"fnMap":{"0":{"name":"(anonymous_0)","decl":{"start":{"line":3,"column":15},"end":{"line":3,"column":16}},"loc":{"start":{"line":3,"column":64},"end":{"line":22,"column":1}},"line":3},"1":{"name":"(anonymous_1)","decl":{"start":{"line":20,"column":4},"end":{"line":20,"column":5}},"loc":{"start":{"line":20,"column":9},"end":{"line":20,"column":69}},"line":20}},"branchMap":{"0":{"loc":{"start":{"line":3,"column":16},"end":{"line":3,"column":43}},"type":"default-arg","locations":[{"start":{"line":3,"column":24},"end":{"line":3,"column":43}}],"line":3},"1":{"loc":{"start":{"line":6,"column":2},"end":{"line":6,"column":27}},"type":"if","locations":[{"start":{"line":6,"column":2},"end":{"line":6,"column":27}},{"start":{},"end":{}}],"line":6},"2":{"loc":{"start":{"line":9,"column":2},"end":{"line":17,"column":3}},"type":"if","locations":[{"start":{"line":9,"column":2},"end":{"line":17,"column":3}},{"start":{},"end":{}}],"line":9},"3":{"loc":{"start":{"line":20,"column":11},"end":{"line":20,"column":68}},"type":"binary-expr","locations":[{"start":{"line":20,"column":11},"end":{"line":20,"column":34}},{"start":{"line":20,"column":38},"end":{"line":20,"column":68}}],"line":20}},"s":{"0":1,"1":3,"2":3,"3":1,"4":2,"5":2,"6":1,"7":1,"8":1},"f":{"0":3,"1":1},"b":{"0":[1],"1":[1,2],"2":[1,1],"3":[1,1]},"_coverageSchema":"1a1c01bbd47fc00a2c39e90264f33305004495a9","hash":"e6f4863c2bd8d92c0d410695ce33909540aacba3"}
,"/Users/yagneshmodh/Documents/Projects/collabera_react_training/src/utils/index.js": {"path":"/Users/yagneshmodh/Documents/Projects/collabera_react_training/src/utils/index.js","statementMap":{"0":{"start":{"line":1,"column":24},"end":{"line":5,"column":18}},"1":{"start":{"line":2,"column":2},"end":{"line":5,"column":18}},"2":{"start":{"line":7,"column":17},"end":{"line":7,"column":18}}},"fnMap":{"0":{"name":"(anonymous_0)","decl":{"start":{"line":1,"column":24},"end":{"line":1,"column":25}},"loc":{"start":{"line":2,"column":2},"end":{"line":5,"column":18}},"line":2}},"branchMap":{},"s":{"0":1,"1":10,"2":1},"f":{"0":10},"b":{},"_coverageSchema":"1a1c01bbd47fc00a2c39e90264f33305004495a9","hash":"a51619cf594b4ca7ffa631ca71b40110da814fc9"}
}
