{"/Users/yagneshmodh/Documents/Projects/collabera_react_training/src/configureStore.js": {"path":"/Users/yagneshmodh/Documents/Projects/collabera_react_training/src/configureStore.js","statementMap":{"0":{"start":{"line":9,"column":25},"end":{"line":9,"column":79}},"1":{"start":{"line":11,"column":23},"end":{"line":11,"column":45}},"2":{"start":{"line":13,"column":23},"end":{"line":23,"column":1}},"3":{"start":{"line":14,"column":22},"end":{"line":14,"column":38}},"4":{"start":{"line":15,"column":16},"end":{"line":18,"column":3}},"5":{"start":{"line":20,"column":2},"end":{"line":20,"column":31}},"6":{"start":{"line":22,"column":2},"end":{"line":22,"column":15}}},"fnMap":{"0":{"name":"(anonymous_0)","decl":{"start":{"line":13,"column":23},"end":{"line":13,"column":24}},"loc":{"start":{"line":13,"column":29},"end":{"line":23,"column":1}},"line":13}},"branchMap":{"0":{"loc":{"start":{"line":9,"column":25},"end":{"line":9,"column":79}},"type":"binary-expr","locations":[{"start":{"line":9,"column":25},"end":{"line":9,"column":68}},{"start":{"line":9,"column":72},"end":{"line":9,"column":79}}],"line":9}},"s":{"0":1,"1":1,"2":1,"3":5,"4":5,"5":5,"6":5},"f":{"0":5},"b":{"0":[1,1]},"_coverageSchema":"1a1c01bbd47fc00a2c39e90264f33305004495a9","hash":"1ef24d9f0a0071f7ed7c244fa3c68f159a505689"}
,"/Users/yagneshmodh/Documents/Projects/collabera_react_training/src/components/Product/index.jsx": {"path":"/Users/yagneshmodh/Documents/Projects/collabera_react_training/src/components/Product/index.jsx","statementMap":{"0":{"start":{"line":4,"column":24},"end":{"line":7,"column":2}},"1":{"start":{"line":4,"column":61},"end":{"line":7,"column":1}},"2":{"start":{"line":5,"column":27},"end":{"line":5,"column":53}},"3":{"start":{"line":6,"column":31},"end":{"line":6,"column":57}},"4":{"start":{"line":9,"column":27},"end":{"line":46,"column":2}},"5":{"start":{"line":9,"column":40},"end":{"line":46,"column":1}},"6":{"start":{"line":11,"column":4},"end":{"line":21,"column":6}},"7":{"start":{"line":23,"column":4},"end":{"line":33,"column":6}},"8":{"start":{"line":35,"column":4},"end":{"line":45,"column":6}}},"fnMap":{"0":{"name":"(anonymous_0)","decl":{"start":{"line":4,"column":24},"end":{"line":4,"column":25}},"loc":{"start":{"line":4,"column":61},"end":{"line":7,"column":1}},"line":4},"1":{"name":"(anonymous_1)","decl":{"start":{"line":5,"column":22},"end":{"line":5,"column":23}},"loc":{"start":{"line":5,"column":27},"end":{"line":5,"column":53}},"line":5},"2":{"name":"(anonymous_2)","decl":{"start":{"line":6,"column":26},"end":{"line":6,"column":27}},"loc":{"start":{"line":6,"column":31},"end":{"line":6,"column":57}},"line":6},"3":{"name":"(anonymous_3)","decl":{"start":{"line":9,"column":27},"end":{"line":9,"column":28}},"loc":{"start":{"line":9,"column":40},"end":{"line":46,"column":1}},"line":9},"4":{"name":"(anonymous_4)","decl":{"start":{"line":10,"column":13},"end":{"line":10,"column":14}},"loc":{"start":{"line":11,"column":4},"end":{"line":21,"column":6}},"line":11},"5":{"name":"(anonymous_5)","decl":{"start":{"line":22,"column":18},"end":{"line":22,"column":19}},"loc":{"start":{"line":23,"column":4},"end":{"line":33,"column":6}},"line":23},"6":{"name":"(anonymous_6)","decl":{"start":{"line":34,"column":18},"end":{"line":34,"column":19}},"loc":{"start":{"line":35,"column":4},"end":{"line":45,"column":6}},"line":35}},"branchMap":{},"s":{"0":1,"1":2,"2":2,"3":0,"4":1,"5":2,"6":0,"7":0,"8":0},"f":{"0":2,"1":2,"2":0,"3":2,"4":0,"5":0,"6":0},"b":{},"_coverageSchema":"1a1c01bbd47fc00a2c39e90264f33305004495a9","hash":"1da02b13a40c2cb6efa9967118e389f1bbe10a20"}
,"/Users/yagneshmodh/Documents/Projects/collabera_react_training/src/components/Product/product.jsx": {"path":"/Users/yagneshmodh/Documents/Projects/collabera_react_training/src/components/Product/product.jsx","statementMap":{"0":{"start":{"line":14,"column":2},"end":{"line":97,"column":4}},"1":{"start":{"line":50,"column":18},"end":{"line":53,"column":20}},"2":{"start":{"line":66,"column":18},"end":{"line":73,"column":19}},"3":{"start":{"line":67,"column":20},"end":{"line":67,"column":45}},"4":{"start":{"line":69,"column":20},"end":{"line":72,"column":23}},"5":{"start":{"line":85,"column":16},"end":{"line":88,"column":18}},"6":{"start":{"line":100,"column":0},"end":{"line":120,"column":2}},"7":{"start":{"line":122,"column":0},"end":{"line":124,"column":2}}},"fnMap":{"0":{"name":"Product","decl":{"start":{"line":6,"column":9},"end":{"line":6,"column":16}},"loc":{"start":{"line":13,"column":3},"end":{"line":98,"column":1}},"line":13},"1":{"name":"(anonymous_1)","decl":{"start":{"line":49,"column":25},"end":{"line":49,"column":26}},"loc":{"start":{"line":50,"column":18},"end":{"line":53,"column":20}},"line":50},"2":{"name":"(anonymous_2)","decl":{"start":{"line":65,"column":25},"end":{"line":65,"column":26}},"loc":{"start":{"line":65,"column":31},"end":{"line":74,"column":17}},"line":65},"3":{"name":"(anonymous_3)","decl":{"start":{"line":84,"column":23},"end":{"line":84,"column":24}},"loc":{"start":{"line":85,"column":16},"end":{"line":88,"column":18}},"line":85}},"branchMap":{"0":{"loc":{"start":{"line":43,"column":11},"end":{"line":93,"column":11}},"type":"cond-expr","locations":[{"start":{"line":44,"column":12},"end":{"line":78,"column":18}},{"start":{"line":80,"column":12},"end":{"line":92,"column":21}}],"line":43},"1":{"loc":{"start":{"line":66,"column":18},"end":{"line":73,"column":19}},"type":"if","locations":[{"start":{"line":66,"column":18},"end":{"line":73,"column":19}},{"start":{"line":68,"column":25},"end":{"line":73,"column":19}}],"line":66}},"s":{"0":11,"1":0,"2":0,"3":0,"4":0,"5":1,"6":2,"7":2},"f":{"0":11,"1":0,"2":0,"3":1},"b":{"0":[2,9],"1":[0,0]},"_coverageSchema":"1a1c01bbd47fc00a2c39e90264f33305004495a9","hash":"23668d0ff284dd68f1f285778f29736682ee4cde"}
,"/Users/yagneshmodh/Documents/Projects/collabera_react_training/src/components/Reviews/index.jsx": {"path":"/Users/yagneshmodh/Documents/Projects/collabera_react_training/src/components/Reviews/index.jsx","statementMap":{"0":{"start":{"line":7,"column":2},"end":{"line":31,"column":4}},"1":{"start":{"line":13,"column":12},"end":{"line":19,"column":14}},"2":{"start":{"line":34,"column":0},"end":{"line":37,"column":2}}},"fnMap":{"0":{"name":"Reviews","decl":{"start":{"line":6,"column":9},"end":{"line":6,"column":16}},"loc":{"start":{"line":6,"column":34},"end":{"line":32,"column":1}},"line":6},"1":{"name":"(anonymous_1)","decl":{"start":{"line":12,"column":31},"end":{"line":12,"column":32}},"loc":{"start":{"line":13,"column":12},"end":{"line":19,"column":14}},"line":13}},"branchMap":{},"s":{"0":11,"1":55,"2":2},"f":{"0":11,"1":55},"b":{},"_coverageSchema":"1a1c01bbd47fc00a2c39e90264f33305004495a9","hash":"9eb62e3734ddd0fdc8084a20853bf70e2b811ab9"}
,"/Users/yagneshmodh/Documents/Projects/collabera_react_training/src/middlewares/errorMiddleware.js": {"path":"/Users/yagneshmodh/Documents/Projects/collabera_react_training/src/middlewares/errorMiddleware.js","statementMap":{"0":{"start":{"line":1,"column":14},"end":{"line":39,"column":1}},"1":{"start":{"line":1,"column":20},"end":{"line":39,"column":1}},"2":{"start":{"line":1,"column":28},"end":{"line":39,"column":1}},"3":{"start":{"line":2,"column":34},"end":{"line":2,"column":40}},"4":{"start":{"line":3,"column":16},"end":{"line":3,"column":40}},"5":{"start":{"line":4,"column":2},"end":{"line":23,"column":3}},"6":{"start":{"line":5,"column":4},"end":{"line":20,"column":7}},"7":{"start":{"line":13,"column":12},"end":{"line":15,"column":13}},"8":{"start":{"line":14,"column":14},"end":{"line":14,"column":78}},"9":{"start":{"line":16,"column":12},"end":{"line":16,"column":41}},"10":{"start":{"line":22,"column":4},"end":{"line":22,"column":17}}},"fnMap":{"0":{"name":"(anonymous_0)","decl":{"start":{"line":1,"column":14},"end":{"line":1,"column":15}},"loc":{"start":{"line":1,"column":20},"end":{"line":39,"column":1}},"line":1},"1":{"name":"(anonymous_1)","decl":{"start":{"line":1,"column":20},"end":{"line":1,"column":21}},"loc":{"start":{"line":1,"column":28},"end":{"line":39,"column":1}},"line":1},"2":{"name":"(anonymous_2)","decl":{"start":{"line":1,"column":28},"end":{"line":1,"column":29}},"loc":{"start":{"line":1,"column":44},"end":{"line":39,"column":1}},"line":1},"3":{"name":"(anonymous_3)","decl":{"start":{"line":12,"column":15},"end":{"line":12,"column":16}},"loc":{"start":{"line":12,"column":25},"end":{"line":17,"column":11}},"line":12}},"branchMap":{"0":{"loc":{"start":{"line":4,"column":2},"end":{"line":23,"column":3}},"type":"if","locations":[{"start":{"line":4,"column":2},"end":{"line":23,"column":3}},{"start":{"line":21,"column":9},"end":{"line":23,"column":3}}],"line":4},"1":{"loc":{"start":{"line":13,"column":12},"end":{"line":15,"column":13}},"type":"if","locations":[{"start":{"line":13,"column":12},"end":{"line":15,"column":13}},{"start":{},"end":{}}],"line":13}},"s":{"0":1,"1":0,"2":0,"3":0,"4":0,"5":0,"6":0,"7":0,"8":0,"9":0,"10":0},"f":{"0":0,"1":0,"2":0,"3":0},"b":{"0":[0,0],"1":[0,0]},"_coverageSchema":"1a1c01bbd47fc00a2c39e90264f33305004495a9","hash":"96e37875161de5e920ca060f88a05022376f3200"}
,"/Users/yagneshmodh/Documents/Projects/collabera_react_training/src/middlewares/loggerMiddleware.js": {"path":"/Users/yagneshmodh/Documents/Projects/collabera_react_training/src/middlewares/loggerMiddleware.js","statementMap":{"0":{"start":{"line":1,"column":15},"end":{"line":3,"column":1}},"1":{"start":{"line":1,"column":24},"end":{"line":3,"column":1}},"2":{"start":{"line":1,"column":32},"end":{"line":3,"column":1}},"3":{"start":{"line":2,"column":2},"end":{"line":2,"column":15}}},"fnMap":{"0":{"name":"(anonymous_0)","decl":{"start":{"line":1,"column":15},"end":{"line":1,"column":16}},"loc":{"start":{"line":1,"column":24},"end":{"line":3,"column":1}},"line":1},"1":{"name":"(anonymous_1)","decl":{"start":{"line":1,"column":24},"end":{"line":1,"column":25}},"loc":{"start":{"line":1,"column":32},"end":{"line":3,"column":1}},"line":1},"2":{"name":"(anonymous_2)","decl":{"start":{"line":1,"column":32},"end":{"line":1,"column":33}},"loc":{"start":{"line":1,"column":42},"end":{"line":3,"column":1}},"line":1}},"branchMap":{},"s":{"0":1,"1":0,"2":0,"3":0},"f":{"0":0,"1":0,"2":0},"b":{},"_coverageSchema":"1a1c01bbd47fc00a2c39e90264f33305004495a9","hash":"42d8e27ea5b808233c5dee39e0729b524e32261a"}
,"/Users/yagneshmodh/Documents/Projects/collabera_react_training/src/pages/Home/home.jsx": {"path":"/Users/yagneshmodh/Documents/Projects/collabera_react_training/src/pages/Home/home.jsx","statementMap":{"0":{"start":{"line":6,"column":19},"end":{"line":8,"column":30}},"1":{"start":{"line":7,"column":4},"end":{"line":7,"column":52}},"2":{"start":{"line":10,"column":2},"end":{"line":12,"column":17}},"3":{"start":{"line":11,"column":4},"end":{"line":11,"column":15}},"4":{"start":{"line":14,"column":2},"end":{"line":16,"column":3}},"5":{"start":{"line":15,"column":4},"end":{"line":15,"column":53}},"6":{"start":{"line":18,"column":2},"end":{"line":20,"column":3}},"7":{"start":{"line":19,"column":4},"end":{"line":19,"column":64}},"8":{"start":{"line":22,"column":2},"end":{"line":28,"column":4}},"9":{"start":{"line":25,"column":8},"end":{"line":25,"column":54}},"10":{"start":{"line":31,"column":0},"end":{"line":50,"column":2}}},"fnMap":{"0":{"name":"Home","decl":{"start":{"line":5,"column":9},"end":{"line":5,"column":13}},"loc":{"start":{"line":5,"column":71},"end":{"line":29,"column":1}},"line":5},"1":{"name":"(anonymous_1)","decl":{"start":{"line":6,"column":31},"end":{"line":6,"column":32}},"loc":{"start":{"line":6,"column":43},"end":{"line":8,"column":3}},"line":6},"2":{"name":"(anonymous_2)","decl":{"start":{"line":10,"column":12},"end":{"line":10,"column":13}},"loc":{"start":{"line":10,"column":18},"end":{"line":12,"column":3}},"line":10},"3":{"name":"(anonymous_3)","decl":{"start":{"line":24,"column":20},"end":{"line":24,"column":21}},"loc":{"start":{"line":25,"column":8},"end":{"line":25,"column":54}},"line":25}},"branchMap":{"0":{"loc":{"start":{"line":14,"column":2},"end":{"line":16,"column":3}},"type":"if","locations":[{"start":{"line":14,"column":2},"end":{"line":16,"column":3}},{"start":{},"end":{}}],"line":14},"1":{"loc":{"start":{"line":18,"column":2},"end":{"line":20,"column":3}},"type":"if","locations":[{"start":{"line":18,"column":2},"end":{"line":20,"column":3}},{"start":{},"end":{}}],"line":18}},"s":{"0":15,"1":5,"2":15,"3":5,"4":15,"5":5,"6":10,"7":3,"8":7,"9":2,"10":1},"f":{"0":15,"1":5,"2":5,"3":2},"b":{"0":[5,10],"1":[3,7]},"_coverageSchema":"1a1c01bbd47fc00a2c39e90264f33305004495a9","hash":"576541551aa5102bcf4cecddc2e34c70c06cfe9c"}
,"/Users/yagneshmodh/Documents/Projects/collabera_react_training/src/pages/Home/index.jsx": {"path":"/Users/yagneshmodh/Documents/Projects/collabera_react_training/src/pages/Home/index.jsx","statementMap":{"0":{"start":{"line":4,"column":24},"end":{"line":12,"column":2}},"1":{"start":{"line":4,"column":60},"end":{"line":12,"column":1}},"2":{"start":{"line":7,"column":9},"end":{"line":7,"column":65}},"3":{"start":{"line":10,"column":9},"end":{"line":10,"column":65}},"4":{"start":{"line":14,"column":27},"end":{"line":37,"column":2}},"5":{"start":{"line":14,"column":40},"end":{"line":37,"column":1}},"6":{"start":{"line":16,"column":4},"end":{"line":25,"column":6}},"7":{"start":{"line":27,"column":4},"end":{"line":36,"column":6}}},"fnMap":{"0":{"name":"(anonymous_0)","decl":{"start":{"line":4,"column":24},"end":{"line":4,"column":25}},"loc":{"start":{"line":4,"column":60},"end":{"line":12,"column":1}},"line":4},"1":{"name":"(anonymous_1)","decl":{"start":{"line":7,"column":4},"end":{"line":7,"column":5}},"loc":{"start":{"line":7,"column":9},"end":{"line":7,"column":65}},"line":7},"2":{"name":"(anonymous_2)","decl":{"start":{"line":10,"column":4},"end":{"line":10,"column":5}},"loc":{"start":{"line":10,"column":9},"end":{"line":10,"column":65}},"line":10},"3":{"name":"(anonymous_3)","decl":{"start":{"line":14,"column":27},"end":{"line":14,"column":28}},"loc":{"start":{"line":14,"column":40},"end":{"line":37,"column":1}},"line":14},"4":{"name":"(anonymous_4)","decl":{"start":{"line":15,"column":16},"end":{"line":15,"column":17}},"loc":{"start":{"line":16,"column":4},"end":{"line":25,"column":6}},"line":16},"5":{"name":"(anonymous_5)","decl":{"start":{"line":26,"column":12},"end":{"line":26,"column":13}},"loc":{"start":{"line":27,"column":4},"end":{"line":36,"column":6}},"line":27}},"branchMap":{"0":{"loc":{"start":{"line":7,"column":9},"end":{"line":7,"column":65}},"type":"binary-expr","locations":[{"start":{"line":7,"column":9},"end":{"line":7,"column":37}},{"start":{"line":7,"column":41},"end":{"line":7,"column":65}}],"line":7},"1":{"loc":{"start":{"line":10,"column":9},"end":{"line":10,"column":65}},"type":"binary-expr","locations":[{"start":{"line":10,"column":9},"end":{"line":10,"column":37}},{"start":{"line":10,"column":41},"end":{"line":10,"column":65}}],"line":10}},"s":{"0":1,"1":20,"2":10,"3":6,"4":1,"5":5,"6":5,"7":5},"f":{"0":20,"1":10,"2":6,"3":5,"4":5,"5":5},"b":{"0":[10,5],"1":[6,0]},"_coverageSchema":"1a1c01bbd47fc00a2c39e90264f33305004495a9","hash":"f54f53d8e53af23a7c1a43757389f4888df1a39d"}
,"/Users/yagneshmodh/Documents/Projects/collabera_react_training/src/reducers/cartReducer.js": {"path":"/Users/yagneshmodh/Documents/Projects/collabera_react_training/src/reducers/cartReducer.js","statementMap":{"0":{"start":{"line":1,"column":32},"end":{"line":1,"column":34}},"1":{"start":{"line":3,"column":28},"end":{"line":24,"column":1}},"2":{"start":{"line":4,"column":2},"end":{"line":23,"column":3}},"3":{"start":{"line":6,"column":6},"end":{"line":6,"column":21}},"4":{"start":{"line":9,"column":6},"end":{"line":9,"column":33}},"5":{"start":{"line":12,"column":20},"end":{"line":12,"column":61}},"6":{"start":{"line":12,"column":41},"end":{"line":12,"column":60}},"7":{"start":{"line":13,"column":6},"end":{"line":13,"column":76}},"8":{"start":{"line":17,"column":20},"end":{"line":17,"column":61}},"9":{"start":{"line":17,"column":41},"end":{"line":17,"column":60}},"10":{"start":{"line":18,"column":6},"end":{"line":18,"column":67}},"11":{"start":{"line":22,"column":6},"end":{"line":22,"column":19}}},"fnMap":{"0":{"name":"(anonymous_0)","decl":{"start":{"line":3,"column":28},"end":{"line":3,"column":29}},"loc":{"start":{"line":3,"column":77},"end":{"line":24,"column":1}},"line":3},"1":{"name":"(anonymous_1)","decl":{"start":{"line":12,"column":36},"end":{"line":12,"column":37}},"loc":{"start":{"line":12,"column":41},"end":{"line":12,"column":60}},"line":12},"2":{"name":"(anonymous_2)","decl":{"start":{"line":17,"column":36},"end":{"line":17,"column":37}},"loc":{"start":{"line":17,"column":41},"end":{"line":17,"column":60}},"line":17}},"branchMap":{"0":{"loc":{"start":{"line":3,"column":29},"end":{"line":3,"column":53}},"type":"default-arg","locations":[{"start":{"line":3,"column":37},"end":{"line":3,"column":53}}],"line":3},"1":{"loc":{"start":{"line":4,"column":2},"end":{"line":23,"column":3}},"type":"switch","locations":[{"start":{"line":5,"column":4},"end":{"line":6,"column":21}},{"start":{"line":8,"column":4},"end":{"line":9,"column":33}},{"start":{"line":11,"column":4},"end":{"line":14,"column":5}},{"start":{"line":16,"column":4},"end":{"line":19,"column":5}},{"start":{"line":21,"column":4},"end":{"line":22,"column":19}}],"line":4}},"s":{"0":2,"1":2,"2":52,"3":8,"4":1,"5":1,"6":2,"7":1,"8":1,"9":2,"10":1,"11":41},"f":{"0":52,"1":2,"2":2},"b":{"0":[8],"1":[8,1,1,1,41]},"_coverageSchema":"1a1c01bbd47fc00a2c39e90264f33305004495a9","hash":"efb8efc0bbd313676fc509af7bf828e50d08febc"}
,"/Users/yagneshmodh/Documents/Projects/collabera_react_training/src/reducers/errorReducer.js": {"path":"/Users/yagneshmodh/Documents/Projects/collabera_react_training/src/reducers/errorReducer.js","statementMap":{"0":{"start":{"line":1,"column":33},"end":{"line":1,"column":35}},"1":{"start":{"line":4,"column":16},"end":{"line":4,"column":48}},"2":{"start":{"line":6,"column":2},"end":{"line":6,"column":27}},"3":{"start":{"line":6,"column":14},"end":{"line":6,"column":27}},"4":{"start":{"line":8,"column":37},"end":{"line":8,"column":42}},"5":{"start":{"line":9,"column":2},"end":{"line":18,"column":3}},"6":{"start":{"line":10,"column":4},"end":{"line":17,"column":6}},"7":{"start":{"line":19,"column":2},"end":{"line":21,"column":4}},"8":{"start":{"line":20,"column":9},"end":{"line":20,"column":69}}},"fnMap":{"0":{"name":"(anonymous_0)","decl":{"start":{"line":3,"column":15},"end":{"line":3,"column":16}},"loc":{"start":{"line":3,"column":71},"end":{"line":22,"column":1}},"line":3},"1":{"name":"(anonymous_1)","decl":{"start":{"line":20,"column":4},"end":{"line":20,"column":5}},"loc":{"start":{"line":20,"column":9},"end":{"line":20,"column":69}},"line":20}},"branchMap":{"0":{"loc":{"start":{"line":3,"column":16},"end":{"line":3,"column":41}},"type":"default-arg","locations":[{"start":{"line":3,"column":24},"end":{"line":3,"column":41}}],"line":3},"1":{"loc":{"start":{"line":6,"column":2},"end":{"line":6,"column":27}},"type":"if","locations":[{"start":{"line":6,"column":2},"end":{"line":6,"column":27}},{"start":{},"end":{}}],"line":6},"2":{"loc":{"start":{"line":9,"column":2},"end":{"line":18,"column":3}},"type":"if","locations":[{"start":{"line":9,"column":2},"end":{"line":18,"column":3}},{"start":{},"end":{}}],"line":9},"3":{"loc":{"start":{"line":20,"column":11},"end":{"line":20,"column":68}},"type":"binary-expr","locations":[{"start":{"line":20,"column":11},"end":{"line":20,"column":34}},{"start":{"line":20,"column":38},"end":{"line":20,"column":68}}],"line":20}},"s":{"0":1,"1":47,"2":47,"3":21,"4":26,"5":26,"6":16,"7":10,"8":0},"f":{"0":47,"1":0},"b":{"0":[7],"1":[21,26],"2":[16,10],"3":[0,0]},"_coverageSchema":"1a1c01bbd47fc00a2c39e90264f33305004495a9","hash":"cf04be133d57b4249eb6f3a787b0006a202f7fd1"}
,"/Users/yagneshmodh/Documents/Projects/collabera_react_training/src/reducers/index.js": {"path":"/Users/yagneshmodh/Documents/Projects/collabera_react_training/src/reducers/index.js","statementMap":{},"fnMap":{},"branchMap":{},"s":{},"f":{},"b":{},"_coverageSchema":"1a1c01bbd47fc00a2c39e90264f33305004495a9","hash":"20531210125f9f645f5ff5a5fb1627759a2e107a"}
,"/Users/yagneshmodh/Documents/Projects/collabera_react_training/src/reducers/loadingReducer.js": {"path":"/Users/yagneshmodh/Documents/Projects/collabera_react_training/src/reducers/loadingReducer.js","statementMap":{"0":{"start":{"line":1,"column":35},"end":{"line":1,"column":37}},"1":{"start":{"line":4,"column":16},"end":{"line":4,"column":56}},"2":{"start":{"line":6,"column":2},"end":{"line":6,"column":27}},"3":{"start":{"line":6,"column":14},"end":{"line":6,"column":27}},"4":{"start":{"line":8,"column":37},"end":{"line":8,"column":42}},"5":{"start":{"line":9,"column":2},"end":{"line":17,"column":3}},"6":{"start":{"line":10,"column":4},"end":{"line":16,"column":6}},"7":{"start":{"line":19,"column":2},"end":{"line":21,"column":4}},"8":{"start":{"line":20,"column":9},"end":{"line":20,"column":69}}},"fnMap":{"0":{"name":"(anonymous_0)","decl":{"start":{"line":3,"column":15},"end":{"line":3,"column":16}},"loc":{"start":{"line":3,"column":64},"end":{"line":22,"column":1}},"line":3},"1":{"name":"(anonymous_1)","decl":{"start":{"line":20,"column":4},"end":{"line":20,"column":5}},"loc":{"start":{"line":20,"column":9},"end":{"line":20,"column":69}},"line":20}},"branchMap":{"0":{"loc":{"start":{"line":3,"column":16},"end":{"line":3,"column":43}},"type":"default-arg","locations":[{"start":{"line":3,"column":24},"end":{"line":3,"column":43}}],"line":3},"1":{"loc":{"start":{"line":6,"column":2},"end":{"line":6,"column":27}},"type":"if","locations":[{"start":{"line":6,"column":2},"end":{"line":6,"column":27}},{"start":{},"end":{}}],"line":6},"2":{"loc":{"start":{"line":9,"column":2},"end":{"line":17,"column":3}},"type":"if","locations":[{"start":{"line":9,"column":2},"end":{"line":17,"column":3}},{"start":{},"end":{}}],"line":9},"3":{"loc":{"start":{"line":20,"column":11},"end":{"line":20,"column":68}},"type":"binary-expr","locations":[{"start":{"line":20,"column":11},"end":{"line":20,"column":34}},{"start":{"line":20,"column":38},"end":{"line":20,"column":68}}],"line":20}},"s":{"0":2,"1":50,"2":50,"3":8,"4":42,"5":42,"6":11,"7":31,"8":16},"f":{"0":50,"1":16},"b":{"0":[8],"1":[8,42],"2":[11,31],"3":[16,11]},"_coverageSchema":"1a1c01bbd47fc00a2c39e90264f33305004495a9","hash":"e6f4863c2bd8d92c0d410695ce33909540aacba3"}
,"/Users/yagneshmodh/Documents/Projects/collabera_react_training/src/reducers/productReducer.js": {"path":"/Users/yagneshmodh/Documents/Projects/collabera_react_training/src/reducers/productReducer.js","statementMap":{"0":{"start":{"line":1,"column":36},"end":{"line":1,"column":38}},"1":{"start":{"line":4,"column":2},"end":{"line":10,"column":3}},"2":{"start":{"line":6,"column":6},"end":{"line":6,"column":21}},"3":{"start":{"line":9,"column":6},"end":{"line":9,"column":19}}},"fnMap":{"0":{"name":"(anonymous_0)","decl":{"start":{"line":3,"column":15},"end":{"line":3,"column":16}},"loc":{"start":{"line":3,"column":68},"end":{"line":11,"column":1}},"line":3}},"branchMap":{"0":{"loc":{"start":{"line":3,"column":16},"end":{"line":3,"column":44}},"type":"default-arg","locations":[{"start":{"line":3,"column":24},"end":{"line":3,"column":44}}],"line":3},"1":{"loc":{"start":{"line":4,"column":2},"end":{"line":10,"column":3}},"type":"switch","locations":[{"start":{"line":5,"column":4},"end":{"line":6,"column":21}},{"start":{"line":8,"column":4},"end":{"line":9,"column":19}}],"line":4}},"s":{"0":1,"1":47,"2":7,"3":40},"f":{"0":47},"b":{"0":[7],"1":[7,40]},"_coverageSchema":"1a1c01bbd47fc00a2c39e90264f33305004495a9","hash":"96d008e45299ca44026c17526befb7dd7fefcca9"}
,"/Users/yagneshmodh/Documents/Projects/collabera_react_training/src/reducers/userReducer.js": {"path":"/Users/yagneshmodh/Documents/Projects/collabera_react_training/src/reducers/userReducer.js","statementMap":{"0":{"start":{"line":1,"column":21},"end":{"line":4,"column":1}},"1":{"start":{"line":7,"column":2},"end":{"line":21,"column":3}},"2":{"start":{"line":10,"column":6},"end":{"line":10,"column":61}},"3":{"start":{"line":11,"column":6},"end":{"line":11,"column":38}},"4":{"start":{"line":15,"column":6},"end":{"line":15,"column":27}},"5":{"start":{"line":16,"column":6},"end":{"line":16,"column":26}},"6":{"start":{"line":20,"column":6},"end":{"line":20,"column":19}}},"fnMap":{"0":{"name":"(anonymous_0)","decl":{"start":{"line":6,"column":15},"end":{"line":6,"column":16}},"loc":{"start":{"line":6,"column":60},"end":{"line":22,"column":1}},"line":6}},"branchMap":{"0":{"loc":{"start":{"line":6,"column":16},"end":{"line":6,"column":36}},"type":"default-arg","locations":[{"start":{"line":6,"column":24},"end":{"line":6,"column":36}}],"line":6},"1":{"loc":{"start":{"line":7,"column":2},"end":{"line":21,"column":3}},"type":"switch","locations":[{"start":{"line":8,"column":4},"end":{"line":8,"column":25}},{"start":{"line":9,"column":4},"end":{"line":12,"column":5}},{"start":{"line":14,"column":4},"end":{"line":17,"column":5}},{"start":{"line":19,"column":4},"end":{"line":20,"column":19}}],"line":7}},"s":{"0":1,"1":47,"2":0,"3":0,"4":0,"5":0,"6":47},"f":{"0":47},"b":{"0":[7],"1":[0,0,0,47]},"_coverageSchema":"1a1c01bbd47fc00a2c39e90264f33305004495a9","hash":"ff70161832e2998afdeb829817e5ca95dec1cd8e"}
,"/Users/yagneshmodh/Documents/Projects/collabera_react_training/src/sagas/authSaga.js": {"path":"/Users/yagneshmodh/Documents/Projects/collabera_react_training/src/sagas/authSaga.js","statementMap":{"0":{"start":{"line":5,"column":2},"end":{"line":22,"column":3}},"1":{"start":{"line":6,"column":16},"end":{"line":10,"column":6}},"2":{"start":{"line":11,"column":4},"end":{"line":15,"column":7}},"3":{"start":{"line":17,"column":4},"end":{"line":21,"column":7}},"4":{"start":{"line":26,"column":2},"end":{"line":43,"column":3}},"5":{"start":{"line":27,"column":16},"end":{"line":31,"column":6}},"6":{"start":{"line":32,"column":4},"end":{"line":36,"column":7}},"7":{"start":{"line":38,"column":4},"end":{"line":42,"column":7}},"8":{"start":{"line":47,"column":2},"end":{"line":47,"column":43}},"9":{"start":{"line":51,"column":2},"end":{"line":51,"column":49}},"10":{"start":{"line":55,"column":2},"end":{"line":55,"column":57}}},"fnMap":{"0":{"name":"login","decl":{"start":{"line":4,"column":10},"end":{"line":4,"column":15}},"loc":{"start":{"line":4,"column":35},"end":{"line":23,"column":1}},"line":4},"1":{"name":"register","decl":{"start":{"line":25,"column":10},"end":{"line":25,"column":18}},"loc":{"start":{"line":25,"column":38},"end":{"line":44,"column":1}},"line":25},"2":{"name":"loginRequest","decl":{"start":{"line":46,"column":10},"end":{"line":46,"column":22}},"loc":{"start":{"line":46,"column":25},"end":{"line":48,"column":1}},"line":46},"3":{"name":"registerRequest","decl":{"start":{"line":50,"column":10},"end":{"line":50,"column":25}},"loc":{"start":{"line":50,"column":28},"end":{"line":52,"column":1}},"line":50},"4":{"name":"rootAuthSaga","decl":{"start":{"line":54,"column":25},"end":{"line":54,"column":37}},"loc":{"start":{"line":54,"column":40},"end":{"line":56,"column":1}},"line":54}},"branchMap":{},"s":{"0":0,"1":0,"2":0,"3":0,"4":0,"5":0,"6":0,"7":0,"8":5,"9":5,"10":5},"f":{"0":0,"1":0,"2":5,"3":5,"4":5},"b":{},"_coverageSchema":"1a1c01bbd47fc00a2c39e90264f33305004495a9","hash":"86cf50a82c4c651725e6ec9974feb847d310f53f"}
,"/Users/yagneshmodh/Documents/Projects/collabera_react_training/src/sagas/cartSaga.js": {"path":"/Users/yagneshmodh/Documents/Projects/collabera_react_training/src/sagas/cartSaga.js","statementMap":{"0":{"start":{"line":51,"column":2},"end":{"line":51,"column":53}},"1":{"start":{"line":55,"column":2},"end":{"line":55,"column":53}},"2":{"start":{"line":59,"column":2},"end":{"line":59,"column":57}},"3":{"start":{"line":63,"column":2},"end":{"line":63,"column":56}},"4":{"start":{"line":67,"column":2},"end":{"line":72,"column":5}}},"fnMap":{"0":{"name":"loadCartRequest","decl":{"start":{"line":50,"column":10},"end":{"line":50,"column":25}},"loc":{"start":{"line":50,"column":28},"end":{"line":52,"column":1}},"line":50},"1":{"name":"addCartRequest","decl":{"start":{"line":54,"column":10},"end":{"line":54,"column":24}},"loc":{"start":{"line":54,"column":27},"end":{"line":56,"column":1}},"line":54},"2":{"name":"updateCartRequest","decl":{"start":{"line":58,"column":10},"end":{"line":58,"column":27}},"loc":{"start":{"line":58,"column":30},"end":{"line":60,"column":1}},"line":58},"3":{"name":"deleteCartRequest","decl":{"start":{"line":62,"column":10},"end":{"line":62,"column":27}},"loc":{"start":{"line":62,"column":30},"end":{"line":64,"column":1}},"line":62},"4":{"name":"rootCartSaga","decl":{"start":{"line":66,"column":25},"end":{"line":66,"column":37}},"loc":{"start":{"line":66,"column":40},"end":{"line":73,"column":1}},"line":66}},"branchMap":{},"s":{"0":5,"1":5,"2":5,"3":5,"4":5},"f":{"0":5,"1":5,"2":5,"3":5,"4":5},"b":{},"_coverageSchema":"1a1c01bbd47fc00a2c39e90264f33305004495a9","hash":"033083b0d5f4e8b69fd1826e619d01f62e99f0ac"}
,"/Users/yagneshmodh/Documents/Projects/collabera_react_training/src/sagas/productsSaga.js": {"path":"/Users/yagneshmodh/Documents/Projects/collabera_react_training/src/sagas/productsSaga.js","statementMap":{"0":{"start":{"line":5,"column":2},"end":{"line":5,"column":57}},"1":{"start":{"line":9,"column":2},"end":{"line":9,"column":41}}},"fnMap":{"0":{"name":"loadProductsRequest","decl":{"start":{"line":4,"column":10},"end":{"line":4,"column":29}},"loc":{"start":{"line":4,"column":32},"end":{"line":6,"column":1}},"line":4},"1":{"name":"rootProductsSaga","decl":{"start":{"line":8,"column":25},"end":{"line":8,"column":41}},"loc":{"start":{"line":8,"column":44},"end":{"line":10,"column":1}},"line":8}},"branchMap":{},"s":{"0":5,"1":5},"f":{"0":5,"1":5},"b":{},"_coverageSchema":"1a1c01bbd47fc00a2c39e90264f33305004495a9","hash":"d7c487bfddc5c096c93ee55de6f2531f025fab89"}
,"/Users/yagneshmodh/Documents/Projects/collabera_react_training/src/sagas/rootSagas.js": {"path":"/Users/yagneshmodh/Documents/Projects/collabera_react_training/src/sagas/rootSagas.js","statementMap":{"0":{"start":{"line":7,"column":2},"end":{"line":7,"column":66}}},"fnMap":{"0":{"name":"rootSaga","decl":{"start":{"line":6,"column":25},"end":{"line":6,"column":33}},"loc":{"start":{"line":6,"column":36},"end":{"line":8,"column":1}},"line":6}},"branchMap":{},"s":{"0":5},"f":{"0":5},"b":{},"_coverageSchema":"1a1c01bbd47fc00a2c39e90264f33305004495a9","hash":"4eed1620218e0d2d2a7308177041cacbf095500d"}
,"/Users/yagneshmodh/Documents/Projects/collabera_react_training/src/utils/apiGenerator.js": {"path":"/Users/yagneshmodh/Documents/Projects/collabera_react_training/src/utils/apiGenerator.js","statementMap":{"0":{"start":{"line":5,"column":16},"end":{"line":5,"column":43}},"1":{"start":{"line":6,"column":25},"end":{"line":6,"column":30}},"2":{"start":{"line":7,"column":2},"end":{"line":17,"column":3}},"3":{"start":{"line":8,"column":16},"end":{"line":8,"column":50}},"4":{"start":{"line":9,"column":4},"end":{"line":13,"column":7}},"5":{"start":{"line":15,"column":4},"end":{"line":15,"column":44}},"6":{"start":{"line":16,"column":4},"end":{"line":16,"column":68}}},"fnMap":{"0":{"name":"apiGenerator","decl":{"start":{"line":4,"column":10},"end":{"line":4,"column":22}},"loc":{"start":{"line":4,"column":48},"end":{"line":18,"column":1}},"line":4}},"branchMap":{"0":{"loc":{"start":{"line":11,"column":15},"end":{"line":11,"column":64}},"type":"cond-expr","locations":[{"start":{"line":11,"column":46},"end":{"line":11,"column":58}},{"start":{"line":11,"column":61},"end":{"line":11,"column":64}}],"line":11}},"s":{"0":30,"1":30,"2":30,"3":30,"4":14,"5":16,"6":16},"f":{"0":30},"b":{"0":[0,14]},"_coverageSchema":"1a1c01bbd47fc00a2c39e90264f33305004495a9","hash":"411a133f73f8ec4cb42ff67d9c368db52917455d"}
,"/Users/yagneshmodh/Documents/Projects/collabera_react_training/src/utils/axiosInstance.js": {"path":"/Users/yagneshmodh/Documents/Projects/collabera_react_training/src/utils/axiosInstance.js","statementMap":{"0":{"start":{"line":3,"column":22},"end":{"line":7,"column":2}},"1":{"start":{"line":9,"column":0},"end":{"line":20,"column":2}},"2":{"start":{"line":11,"column":26},"end":{"line":11,"column":39}},"3":{"start":{"line":12,"column":18},"end":{"line":12,"column":47}},"4":{"start":{"line":13,"column":4},"end":{"line":16,"column":5}},"5":{"start":{"line":14,"column":24},"end":{"line":14,"column":41}},"6":{"start":{"line":15,"column":6},"end":{"line":15,"column":78}},"7":{"start":{"line":17,"column":4},"end":{"line":17,"column":25}},"8":{"start":{"line":19,"column":11},"end":{"line":19,"column":32}},"9":{"start":{"line":22,"column":0},"end":{"line":30,"column":2}},"10":{"start":{"line":23,"column":14},"end":{"line":23,"column":27}},"11":{"start":{"line":25,"column":4},"end":{"line":27,"column":5}},"12":{"start":{"line":26,"column":6},"end":{"line":26,"column":60}},"13":{"start":{"line":28,"column":4},"end":{"line":28,"column":33}}},"fnMap":{"0":{"name":"(anonymous_0)","decl":{"start":{"line":10,"column":2},"end":{"line":10,"column":3}},"loc":{"start":{"line":10,"column":12},"end":{"line":18,"column":3}},"line":10},"1":{"name":"(anonymous_1)","decl":{"start":{"line":19,"column":2},"end":{"line":19,"column":3}},"loc":{"start":{"line":19,"column":11},"end":{"line":19,"column":32}},"line":19},"2":{"name":"(anonymous_2)","decl":{"start":{"line":23,"column":2},"end":{"line":23,"column":3}},"loc":{"start":{"line":23,"column":14},"end":{"line":23,"column":27}},"line":23},"3":{"name":"(anonymous_3)","decl":{"start":{"line":24,"column":2},"end":{"line":24,"column":3}},"loc":{"start":{"line":24,"column":11},"end":{"line":29,"column":3}},"line":24}},"branchMap":{"0":{"loc":{"start":{"line":13,"column":4},"end":{"line":16,"column":5}},"type":"if","locations":[{"start":{"line":13,"column":4},"end":{"line":16,"column":5}},{"start":{},"end":{}}],"line":13},"1":{"loc":{"start":{"line":25,"column":4},"end":{"line":27,"column":5}},"type":"if","locations":[{"start":{"line":25,"column":4},"end":{"line":27,"column":5}},{"start":{},"end":{}}],"line":25}},"s":{"0":1,"1":1,"2":30,"3":30,"4":30,"5":0,"6":0,"7":30,"8":0,"9":1,"10":14,"11":16,"12":0,"13":16},"f":{"0":30,"1":0,"2":14,"3":16},"b":{"0":[0,30],"1":[0,16]},"_coverageSchema":"1a1c01bbd47fc00a2c39e90264f33305004495a9","hash":"f7b62c9bec8dfdc56d2328775af2e093dff186fd"}
,"/Users/yagneshmodh/Documents/Projects/collabera_react_training/src/utils/index.js": {"path":"/Users/yagneshmodh/Documents/Projects/collabera_react_training/src/utils/index.js","statementMap":{"0":{"start":{"line":1,"column":24},"end":{"line":5,"column":18}},"1":{"start":{"line":2,"column":2},"end":{"line":5,"column":18}},"2":{"start":{"line":7,"column":17},"end":{"line":7,"column":18}}},"fnMap":{"0":{"name":"(anonymous_0)","decl":{"start":{"line":1,"column":24},"end":{"line":1,"column":25}},"loc":{"start":{"line":2,"column":2},"end":{"line":5,"column":18}},"line":2}},"branchMap":{},"s":{"0":2,"1":12,"2":2},"f":{"0":12},"b":{},"_coverageSchema":"1a1c01bbd47fc00a2c39e90264f33305004495a9","hash":"a51619cf594b4ca7ffa631ca71b40110da814fc9"}
,"/Users/yagneshmodh/Documents/Projects/collabera_react_training/src/utils/test-utils.jsx": {"path":"/Users/yagneshmodh/Documents/Projects/collabera_react_training/src/utils/test-utils.jsx","statementMap":{"0":{"start":{"line":9,"column":16},"end":{"line":9,"column":32}},"1":{"start":{"line":11,"column":4},"end":{"line":11,"column":57}},"2":{"start":{"line":15,"column":2},"end":{"line":15,"column":56}}},"fnMap":{"0":{"name":"renderWithProviders","decl":{"start":{"line":8,"column":24},"end":{"line":8,"column":43}},"loc":{"start":{"line":8,"column":48},"end":{"line":16,"column":1}},"line":8},"1":{"name":"Wrapper","decl":{"start":{"line":10,"column":11},"end":{"line":10,"column":18}},"loc":{"start":{"line":10,"column":33},"end":{"line":12,"column":3}},"line":10}},"branchMap":{},"s":{"0":5,"1":5,"2":5},"f":{"0":5,"1":5},"b":{},"_coverageSchema":"1a1c01bbd47fc00a2c39e90264f33305004495a9","hash":"e9962e0a9d6c0e7ddd5a628b02b8c3823d00da89"}
}
