TN:
SF:src/components/Product/product.jsx
FN:6,Product
FN:49,(anonymous_1)
FN:65,(anonymous_2)
FN:84,(anonymous_3)
FNF:4
FNH:2
FNDA:9,Product
FNDA:0,(anonymous_1)
FNDA:0,(anonymous_2)
FNDA:1,(anonymous_3)
DA:14,9
DA:50,0
DA:66,0
DA:67,0
DA:69,0
DA:85,1
DA:100,1
DA:122,1
LF:8
LH:4
BRDA:43,0,0,2
BRDA:43,0,1,7
BRDA:66,1,0,0
BRDA:66,1,1,0
BRF:4
BRH:2
end_of_record
TN:
SF:src/components/Reviews/index.jsx
FN:6,Reviews
FN:12,(anonymous_1)
FNF:2
FNH:2
FNDA:9,Reviews
FNDA:45,(anonymous_1)
DA:7,9
DA:13,45
DA:34,1
LF:3
LH:3
BRF:0
BRH:0
end_of_record
TN:
SF:src/reducers/cartReducer.js
FN:3,(anonymous_0)
FN:12,(anonymous_1)
FN:17,(anonymous_2)
FNF:3
FNH:3
FNDA:5,(anonymous_0)
FNDA:2,(anonymous_1)
FNDA:2,(anonymous_2)
DA:1,1
DA:3,1
DA:4,5
DA:6,1
DA:9,1
DA:12,2
DA:13,1
DA:17,2
DA:18,1
DA:22,1
LF:10
LH:10
BRDA:3,0,0,1
BRDA:4,1,0,1
BRDA:4,1,1,1
BRDA:4,1,2,1
BRDA:4,1,3,1
BRDA:4,1,4,1
BRF:6
BRH:6
end_of_record
TN:
SF:src/reducers/loadingReducer.js
FN:3,(anonymous_0)
FN:20,(anonymous_1)
FNF:2
FNH:2
FNDA:3,(anonymous_0)
FNDA:1,(anonymous_1)
DA:1,1
DA:4,3
DA:6,3
DA:8,2
DA:9,2
DA:10,1
DA:19,1
DA:20,1
LF:8
LH:8
BRDA:3,0,0,1
BRDA:6,1,0,1
BRDA:6,1,1,2
BRDA:9,2,0,1
BRDA:9,2,1,1
BRDA:20,3,0,1
BRDA:20,3,1,1
BRF:7
BRH:7
end_of_record
TN:
SF:src/utils/index.js
FN:1,(anonymous_0)
FNF:1
FNH:1
FNDA:10,(anonymous_0)
DA:1,1
DA:2,10
DA:7,1
LF:3
LH:3
BRF:0
BRH:0
end_of_record
