TN:
SF:src/configureStore.js
FN:13,(anonymous_0)
FNF:1
FNH:1
FNDA:4,(anonymous_0)
DA:9,1
DA:11,1
DA:13,1
DA:14,4
DA:15,4
DA:20,4
DA:22,4
LF:7
LH:7
BRDA:9,0,0,1
BRDA:9,0,1,1
BRF:2
BRH:2
end_of_record
TN:
SF:src/components/Product/index.jsx
FN:4,(anonymous_0)
FN:5,(anonymous_1)
FN:6,(anonymous_2)
FN:9,(anonymous_3)
FN:10,(anonymous_4)
FN:22,(anonymous_5)
FN:34,(anonymous_6)
FNF:7
FNH:3
FNDA:2,(anonymous_0)
FNDA:2,(anonymous_1)
FNDA:0,(anonymous_2)
FNDA:2,(anonymous_3)
FNDA:0,(anonymous_4)
FNDA:0,(anonymous_5)
FNDA:0,(anonymous_6)
DA:4,2
DA:5,2
DA:6,0
DA:9,2
DA:11,0
DA:23,0
DA:35,0
LF:7
LH:3
BRF:0
BRH:0
end_of_record
TN:
SF:src/components/Product/product.jsx
FN:6,Product
FN:49,(anonymous_1)
FN:65,(anonymous_2)
FN:84,(anonymous_3)
FNF:4
FNH:2
FNDA:11,Product
FNDA:0,(anonymous_1)
FNDA:0,(anonymous_2)
FNDA:1,(anonymous_3)
DA:14,11
DA:50,0
DA:66,0
DA:67,0
DA:69,0
DA:85,1
DA:100,2
DA:122,2
LF:8
LH:4
BRDA:43,0,0,2
BRDA:43,0,1,9
BRDA:66,1,0,0
BRDA:66,1,1,0
BRF:4
BRH:2
end_of_record
TN:
SF:src/components/Reviews/index.jsx
FN:6,Reviews
FN:12,(anonymous_1)
FNF:2
FNH:2
FNDA:11,Reviews
FNDA:55,(anonymous_1)
DA:7,11
DA:13,55
DA:34,2
LF:3
LH:3
BRF:0
BRH:0
end_of_record
TN:
SF:src/middlewares/errorMiddleware.js
FN:1,(anonymous_0)
FN:1,(anonymous_1)
FN:1,(anonymous_2)
FN:12,(anonymous_3)
FNF:4
FNH:0
FNDA:0,(anonymous_0)
FNDA:0,(anonymous_1)
FNDA:0,(anonymous_2)
FNDA:0,(anonymous_3)
DA:1,1
DA:2,0
DA:3,0
DA:4,0
DA:5,0
DA:13,0
DA:14,0
DA:16,0
DA:22,0
LF:9
LH:1
BRDA:4,0,0,0
BRDA:4,0,1,0
BRDA:13,1,0,0
BRDA:13,1,1,0
BRF:4
BRH:0
end_of_record
TN:
SF:src/middlewares/loggerMiddleware.js
FN:1,(anonymous_0)
FN:1,(anonymous_1)
FN:1,(anonymous_2)
FNF:3
FNH:0
FNDA:0,(anonymous_0)
FNDA:0,(anonymous_1)
FNDA:0,(anonymous_2)
DA:1,1
DA:2,0
LF:2
LH:1
BRF:0
BRH:0
end_of_record
TN:
SF:src/pages/Home/home.jsx
FN:5,Home
FN:6,(anonymous_1)
FN:10,(anonymous_2)
FN:20,(anonymous_3)
FNF:4
FNH:4
FNDA:10,Home
FNDA:4,(anonymous_1)
FNDA:4,(anonymous_2)
FNDA:2,(anonymous_3)
DA:6,10
DA:7,4
DA:10,10
DA:11,4
DA:14,10
DA:15,4
DA:18,6
DA:21,2
DA:27,1
LF:9
LH:9
BRDA:14,0,0,4
BRDA:14,0,1,6
BRF:2
BRH:2
end_of_record
TN:
SF:src/pages/Home/index.jsx
FN:4,(anonymous_0)
FN:7,(anonymous_1)
FN:11,(anonymous_2)
FN:12,(anonymous_3)
FN:23,(anonymous_4)
FNF:5
FNH:5
FNDA:12,(anonymous_0)
FNDA:6,(anonymous_1)
FNDA:4,(anonymous_2)
FNDA:4,(anonymous_3)
FNDA:4,(anonymous_4)
DA:4,12
DA:7,6
DA:11,4
DA:13,4
DA:24,4
LF:5
LH:5
BRDA:7,0,0,6
BRDA:7,0,1,2
BRF:2
BRH:2
end_of_record
TN:
SF:src/reducers/cartReducer.js
FN:3,(anonymous_0)
FN:12,(anonymous_1)
FN:17,(anonymous_2)
FNF:3
FNH:3
FNDA:25,(anonymous_0)
FNDA:2,(anonymous_1)
FNDA:2,(anonymous_2)
DA:1,2
DA:3,2
DA:4,25
DA:6,4
DA:9,1
DA:12,2
DA:13,1
DA:17,2
DA:18,1
DA:22,18
LF:10
LH:10
BRDA:3,0,0,7
BRDA:4,1,0,4
BRDA:4,1,1,1
BRDA:4,1,2,1
BRDA:4,1,3,1
BRDA:4,1,4,18
BRF:6
BRH:6
end_of_record
TN:
SF:src/reducers/errorReducer.js
FN:3,(anonymous_0)
FN:20,(anonymous_1)
FNF:2
FNH:1
FNDA:20,(anonymous_0)
FNDA:0,(anonymous_1)
DA:1,1
DA:4,20
DA:6,20
DA:8,8
DA:9,8
DA:10,0
DA:19,8
DA:20,0
LF:8
LH:6
BRDA:3,0,0,6
BRDA:6,1,0,12
BRDA:6,1,1,8
BRDA:9,2,0,0
BRDA:9,2,1,8
BRDA:20,3,0,0
BRDA:20,3,1,0
BRF:7
BRH:4
end_of_record
TN:
SF:src/reducers/index.js
FNF:0
FNH:0
LF:0
LH:0
BRF:0
BRH:0
end_of_record
TN:
SF:src/reducers/loadingReducer.js
FN:3,(anonymous_0)
FN:20,(anonymous_1)
FNF:2
FNH:2
FNDA:23,(anonymous_0)
FNDA:7,(anonymous_1)
DA:1,2
DA:4,23
DA:6,23
DA:8,16
DA:9,16
DA:10,9
DA:19,7
DA:20,7
LF:8
LH:8
BRDA:3,0,0,7
BRDA:6,1,0,7
BRDA:6,1,1,16
BRDA:9,2,0,9
BRDA:9,2,1,7
BRDA:20,3,0,7
BRDA:20,3,1,5
BRF:7
BRH:7
end_of_record
TN:
SF:src/reducers/productReducer.js
FN:3,(anonymous_0)
FNF:1
FNH:1
FNDA:20,(anonymous_0)
DA:1,1
DA:4,20
DA:6,3
DA:9,17
LF:4
LH:4
BRDA:3,0,0,6
BRDA:4,1,0,3
BRDA:4,1,1,17
BRF:3
BRH:3
end_of_record
TN:
SF:src/reducers/userReducer.js
FN:6,(anonymous_0)
FNF:1
FNH:1
FNDA:20,(anonymous_0)
DA:1,1
DA:7,20
DA:10,0
DA:11,0
DA:15,0
DA:16,0
DA:20,20
LF:7
LH:3
BRDA:6,0,0,6
BRDA:7,1,0,0
BRDA:7,1,1,0
BRDA:7,1,2,0
BRDA:7,1,3,20
BRF:5
BRH:2
end_of_record
TN:
SF:src/sagas/authSaga.js
FN:4,login
FN:25,register
FN:46,loginRequest
FN:50,registerRequest
FN:54,rootAuthSaga
FNF:5
FNH:3
FNDA:0,login
FNDA:0,register
FNDA:4,loginRequest
FNDA:4,registerRequest
FNDA:4,rootAuthSaga
DA:5,0
DA:6,0
DA:11,0
DA:17,0
DA:26,0
DA:27,0
DA:32,0
DA:38,0
DA:47,4
DA:51,4
DA:55,4
LF:11
LH:3
BRF:0
BRH:0
end_of_record
TN:
SF:src/sagas/cartSaga.js
FN:50,loadCartRequest
FN:54,addCartRequest
FN:58,updateCartRequest
FN:62,deleteCartRequest
FN:66,rootCartSaga
FNF:5
FNH:5
FNDA:4,loadCartRequest
FNDA:4,addCartRequest
FNDA:4,updateCartRequest
FNDA:4,deleteCartRequest
FNDA:4,rootCartSaga
DA:51,4
DA:55,4
DA:59,4
DA:63,4
DA:67,4
LF:5
LH:5
BRF:0
BRH:0
end_of_record
TN:
SF:src/sagas/productsSaga.js
FN:4,loadProductsRequest
FN:8,rootProductsSaga
FNF:2
FNH:2
FNDA:4,loadProductsRequest
FNDA:4,rootProductsSaga
DA:5,4
DA:9,4
LF:2
LH:2
BRF:0
BRH:0
end_of_record
TN:
SF:src/sagas/rootSagas.js
FN:6,rootSaga
FNF:1
FNH:1
FNDA:4,rootSaga
DA:7,4
LF:1
LH:1
BRF:0
BRH:0
end_of_record
TN:
SF:src/utils/apiGenerator.js
FN:4,apiGenerator
FNF:1
FNH:1
FNDA:10,apiGenerator
DA:5,10
DA:6,10
DA:7,10
DA:8,10
DA:10,6
DA:11,6
DA:17,2
DA:18,2
LF:8
LH:8
BRDA:13,0,0,0
BRDA:13,0,1,6
BRF:2
BRH:1
end_of_record
TN:
SF:src/utils/axiosInstance.js
FN:10,(anonymous_0)
FN:19,(anonymous_1)
FN:23,(anonymous_2)
FN:24,(anonymous_3)
FNF:4
FNH:3
FNDA:10,(anonymous_0)
FNDA:0,(anonymous_1)
FNDA:6,(anonymous_2)
FNDA:4,(anonymous_3)
DA:3,1
DA:9,1
DA:11,10
DA:12,10
DA:13,10
DA:14,0
DA:15,0
DA:17,10
DA:19,0
DA:22,1
DA:23,6
DA:25,4
DA:26,0
DA:28,4
LF:14
LH:10
BRDA:13,0,0,0
BRDA:13,0,1,10
BRDA:25,1,0,0
BRDA:25,1,1,4
BRF:4
BRH:2
end_of_record
TN:
SF:src/utils/index.js
FN:1,(anonymous_0)
FNF:1
FNH:1
FNDA:12,(anonymous_0)
DA:1,2
DA:2,12
DA:7,2
LF:3
LH:3
BRF:0
BRH:0
end_of_record
TN:
SF:src/utils/test-utils.jsx
FN:8,renderWithProviders
FN:10,Wrapper
FNF:2
FNH:2
FNDA:4,renderWithProviders
FNDA:4,Wrapper
DA:9,4
DA:11,4
DA:15,4
LF:3
LH:3
BRF:0
BRH:0
end_of_record
